<html>
<head>
<title>TestNG:  Test</title>
<link href="../testng.css" rel="stylesheet" type="text/css" />
<link href="../my-testng.css" rel="stylesheet" type="text/css" />

<style type="text/css">
.log { display: none;} 
.stack-trace { display: none;} 
</style>
<script type="text/javascript">
<!--
function flip(e) {
  current = e.style.display;
  if (current == 'block') {
    e.style.display = 'none';
    return 0;
  }
  else {
    e.style.display = 'block';
    return 1;
  }
}

function toggleBox(szDivId, elem, msg1, msg2)
{
  var res = -1;  if (document.getElementById) {
    res = flip(document.getElementById(szDivId));
  }
  else if (document.all) {
    // this is the way old msie versions work
    res = flip(document.all[szDivId]);
  }
  if(elem) {
    if(res == 0) elem.innerHTML = msg1; else elem.innerHTML = msg2;
  }

}

function toggleAllBoxes() {
  if (document.getElementsByTagName) {
    d = document.getElementsByTagName('div');
    for (i = 0; i < d.length; i++) {
      if (d[i].className == 'log') {
        flip(d[i]);
      }
    }
  }
}

// -->
</script>

</head>
<body>
<h2 align='center'>Test</h2><table border='1' align="center">
<tr>
<td>Tests passed/Failed/Skipped:</td><td>18/6/0</td>
</tr><tr>
<td>Started on:</td><td>Wed Apr 22 12:01:53 IST 2020</td>
</tr>
<tr><td>Total time:</td><td>19 seconds (19746 ms)</td>
</tr><tr>
<td>Included groups:</td><td></td>
</tr><tr>
<td>Excluded groups:</td><td></td>
</tr>
</table><p/>
<small><i>(Hover the method name to see the test class name)</i></small><p/>
<table width='100%' border='1' class='invocation-failed'>
<tr><td colspan='4' align='center'><b>FAILED TESTS</b></td></tr>
<tr><td><b>Test method</b></td>
<td width="30%"><b>Exception</b></td>
<td width="10%"><b>Time (seconds)</b></td>
<td><b>Instance</b></td>
</tr>
<tr>
<td title='testPack.TC9_Get_Single_Employee_Data.checkResponseBody()'><b>checkResponseBody</b><br>Test class: testPack.TC9_Get_Single_Employee_Data</td>
<td><div><pre>java.lang.AssertionError: expected:&lt;false&gt; but was:&lt;true&gt;
	at org.junit.Assert.fail(Assert.java:93)
	at org.junit.Assert.failNotEquals(Assert.java:647)
	at org.junit.Assert.assertEquals(Assert.java:128)
	at org.junit.Assert.assertEquals(Assert.java:147)
	at testPack.TC9_Get_Single_Employee_Data.checkResponseBody(TC9_Get_Single_Employee_Data.java:30)
... Removed 25 stack frames</pre></div><a href='#' onClick='toggleBox("stack-trace673672784", this, "Click to show all stack frames", "Click to hide stack frames")'>Click to show all stack frames</a>
<div class='stack-trace' id='stack-trace673672784'><pre>java.lang.AssertionError: expected:&lt;false&gt; but was:&lt;true&gt;
	at org.junit.Assert.fail(Assert.java:93)
	at org.junit.Assert.failNotEquals(Assert.java:647)
	at org.junit.Assert.assertEquals(Assert.java:128)
	at org.junit.Assert.assertEquals(Assert.java:147)
	at testPack.TC9_Get_Single_Employee_Data.checkResponseBody(TC9_Get_Single_Employee_Data.java:30)
	at sun.reflect.NativeMethodAccessorImpl.invoke0(Native Method)
	at sun.reflect.NativeMethodAccessorImpl.invoke(Unknown Source)
	at sun.reflect.DelegatingMethodAccessorImpl.invoke(Unknown Source)
	at java.lang.reflect.Method.invoke(Unknown Source)
	at org.testng.internal.MethodInvocationHelper.invokeMethod(MethodInvocationHelper.java:124)
	at org.testng.internal.Invoker.invokeMethod(Invoker.java:583)
	at org.testng.internal.Invoker.invokeTestMethod(Invoker.java:719)
	at org.testng.internal.Invoker.invokeTestMethods(Invoker.java:989)
	at org.testng.internal.TestMethodWorker.invokeTestMethods(TestMethodWorker.java:125)
	at org.testng.internal.TestMethodWorker.run(TestMethodWorker.java:109)
	at org.testng.TestRunner.privateRun(TestRunner.java:648)
	at org.testng.TestRunner.run(TestRunner.java:505)
	at org.testng.SuiteRunner.runTest(SuiteRunner.java:455)
	at org.testng.SuiteRunner.runSequentially(SuiteRunner.java:450)
	at org.testng.SuiteRunner.privateRun(SuiteRunner.java:415)
	at org.testng.SuiteRunner.run(SuiteRunner.java:364)
	at org.testng.SuiteRunnerWorker.runSuite(SuiteRunnerWorker.java:52)
	at org.testng.SuiteRunnerWorker.run(SuiteRunnerWorker.java:84)
	at org.testng.TestNG.runSuitesSequentially(TestNG.java:1208)
	at org.testng.TestNG.runSuitesLocally(TestNG.java:1137)
	at org.testng.TestNG.runSuites(TestNG.java:1049)
	at org.testng.TestNG.run(TestNG.java:1017)
	at org.testng.remote.AbstractRemoteTestNG.run(AbstractRemoteTestNG.java:115)
	at org.testng.remote.RemoteTestNG.initAndRun(RemoteTestNG.java:251)
	at org.testng.remote.RemoteTestNG.main(RemoteTestNG.java:77)
</pre></div></td>
<td>0</td>
<td>testPack.TC9_Get_Single_Employee_Data@47c62251</td></tr>
<tr>
<td title='testPack.TC9_Get_Single_Employee_Data.checkStatusCode()'><b>checkStatusCode</b><br>Test class: testPack.TC9_Get_Single_Employee_Data</td>
<td><div><pre>java.lang.AssertionError: expected:&lt;400&gt; but was:&lt;200&gt;
	at org.junit.Assert.fail(Assert.java:93)
	at org.junit.Assert.failNotEquals(Assert.java:647)
	at org.junit.Assert.assertEquals(Assert.java:128)
	at org.junit.Assert.assertEquals(Assert.java:472)
	at org.junit.Assert.assertEquals(Assert.java:456)
	at testPack.TC9_Get_Single_Employee_Data.checkStatusCode(TC9_Get_Single_Employee_Data.java:39)
... Removed 25 stack frames</pre></div><a href='#' onClick='toggleBox("stack-trace1947941827", this, "Click to show all stack frames", "Click to hide stack frames")'>Click to show all stack frames</a>
<div class='stack-trace' id='stack-trace1947941827'><pre>java.lang.AssertionError: expected:&lt;400&gt; but was:&lt;200&gt;
	at org.junit.Assert.fail(Assert.java:93)
	at org.junit.Assert.failNotEquals(Assert.java:647)
	at org.junit.Assert.assertEquals(Assert.java:128)
	at org.junit.Assert.assertEquals(Assert.java:472)
	at org.junit.Assert.assertEquals(Assert.java:456)
	at testPack.TC9_Get_Single_Employee_Data.checkStatusCode(TC9_Get_Single_Employee_Data.java:39)
	at sun.reflect.NativeMethodAccessorImpl.invoke0(Native Method)
	at sun.reflect.NativeMethodAccessorImpl.invoke(Unknown Source)
	at sun.reflect.DelegatingMethodAccessorImpl.invoke(Unknown Source)
	at java.lang.reflect.Method.invoke(Unknown Source)
	at org.testng.internal.MethodInvocationHelper.invokeMethod(MethodInvocationHelper.java:124)
	at org.testng.internal.Invoker.invokeMethod(Invoker.java:583)
	at org.testng.internal.Invoker.invokeTestMethod(Invoker.java:719)
	at org.testng.internal.Invoker.invokeTestMethods(Invoker.java:989)
	at org.testng.internal.TestMethodWorker.invokeTestMethods(TestMethodWorker.java:125)
	at org.testng.internal.TestMethodWorker.run(TestMethodWorker.java:109)
	at org.testng.TestRunner.privateRun(TestRunner.java:648)
	at org.testng.TestRunner.run(TestRunner.java:505)
	at org.testng.SuiteRunner.runTest(SuiteRunner.java:455)
	at org.testng.SuiteRunner.runSequentially(SuiteRunner.java:450)
	at org.testng.SuiteRunner.privateRun(SuiteRunner.java:415)
	at org.testng.SuiteRunner.run(SuiteRunner.java:364)
	at org.testng.SuiteRunnerWorker.runSuite(SuiteRunnerWorker.java:52)
	at org.testng.SuiteRunnerWorker.run(SuiteRunnerWorker.java:84)
	at org.testng.TestNG.runSuitesSequentially(TestNG.java:1208)
	at org.testng.TestNG.runSuitesLocally(TestNG.java:1137)
	at org.testng.TestNG.runSuites(TestNG.java:1049)
	at org.testng.TestNG.run(TestNG.java:1017)
	at org.testng.remote.AbstractRemoteTestNG.run(AbstractRemoteTestNG.java:115)
	at org.testng.remote.RemoteTestNG.initAndRun(RemoteTestNG.java:251)
	at org.testng.remote.RemoteTestNG.main(RemoteTestNG.java:77)
</pre></div></td>
<td>0</td>
<td>testPack.TC9_Get_Single_Employee_Data@47c62251</td></tr>
<tr>
<td title='testPack.TC9_Get_Single_Employee_Data.checkStatusLIne()'><b>checkStatusLIne</b><br>Test class: testPack.TC9_Get_Single_Employee_Data</td>
<td><div><pre>org.junit.ComparisonFailure: expected:&lt;HTTP/1.1 [400 Bad Request]&gt; but was:&lt;HTTP/1.1 [200 OK]&gt;
	at org.junit.Assert.assertEquals(Assert.java:125)
	at org.junit.Assert.assertEquals(Assert.java:147)
	at testPack.TC9_Get_Single_Employee_Data.checkStatusLIne(TC9_Get_Single_Employee_Data.java:60)
... Removed 25 stack frames</pre></div><a href='#' onClick='toggleBox("stack-trace1170111701", this, "Click to show all stack frames", "Click to hide stack frames")'>Click to show all stack frames</a>
<div class='stack-trace' id='stack-trace1170111701'><pre>org.junit.ComparisonFailure: expected:&lt;HTTP/1.1 [400 Bad Request]&gt; but was:&lt;HTTP/1.1 [200 OK]&gt;
	at org.junit.Assert.assertEquals(Assert.java:125)
	at org.junit.Assert.assertEquals(Assert.java:147)
	at testPack.TC9_Get_Single_Employee_Data.checkStatusLIne(TC9_Get_Single_Employee_Data.java:60)
	at sun.reflect.NativeMethodAccessorImpl.invoke0(Native Method)
	at sun.reflect.NativeMethodAccessorImpl.invoke(Unknown Source)
	at sun.reflect.DelegatingMethodAccessorImpl.invoke(Unknown Source)
	at java.lang.reflect.Method.invoke(Unknown Source)
	at org.testng.internal.MethodInvocationHelper.invokeMethod(MethodInvocationHelper.java:124)
	at org.testng.internal.Invoker.invokeMethod(Invoker.java:583)
	at org.testng.internal.Invoker.invokeTestMethod(Invoker.java:719)
	at org.testng.internal.Invoker.invokeTestMethods(Invoker.java:989)
	at org.testng.internal.TestMethodWorker.invokeTestMethods(TestMethodWorker.java:125)
	at org.testng.internal.TestMethodWorker.run(TestMethodWorker.java:109)
	at org.testng.TestRunner.privateRun(TestRunner.java:648)
	at org.testng.TestRunner.run(TestRunner.java:505)
	at org.testng.SuiteRunner.runTest(SuiteRunner.java:455)
	at org.testng.SuiteRunner.runSequentially(SuiteRunner.java:450)
	at org.testng.SuiteRunner.privateRun(SuiteRunner.java:415)
	at org.testng.SuiteRunner.run(SuiteRunner.java:364)
	at org.testng.SuiteRunnerWorker.runSuite(SuiteRunnerWorker.java:52)
	at org.testng.SuiteRunnerWorker.run(SuiteRunnerWorker.java:84)
	at org.testng.TestNG.runSuitesSequentially(TestNG.java:1208)
	at org.testng.TestNG.runSuitesLocally(TestNG.java:1137)
	at org.testng.TestNG.runSuites(TestNG.java:1049)
	at org.testng.TestNG.run(TestNG.java:1017)
	at org.testng.remote.AbstractRemoteTestNG.run(AbstractRemoteTestNG.java:115)
	at org.testng.remote.RemoteTestNG.initAndRun(RemoteTestNG.java:251)
	at org.testng.remote.RemoteTestNG.main(RemoteTestNG.java:77)
</pre></div></td>
<td>0</td>
<td>testPack.TC9_Get_Single_Employee_Data@47c62251</td></tr>
<tr>
<td title='testPack.TC9_Get_Single_Employee_Data.contentEncoding()'><b>contentEncoding</b><br>Test class: testPack.TC9_Get_Single_Employee_Data</td>
<td><div><pre>java.lang.AssertionError: expected:&lt;null&gt; but was:&lt;gzip&gt;
	at org.junit.Assert.fail(Assert.java:93)
	at org.junit.Assert.failNotEquals(Assert.java:647)
	at org.junit.Assert.assertEquals(Assert.java:128)
	at org.junit.Assert.assertEquals(Assert.java:147)
	at testPack.TC9_Get_Single_Employee_Data.contentEncoding(TC9_Get_Single_Employee_Data.java:87)
... Removed 25 stack frames</pre></div><a href='#' onClick='toggleBox("stack-trace830863979", this, "Click to show all stack frames", "Click to hide stack frames")'>Click to show all stack frames</a>
<div class='stack-trace' id='stack-trace830863979'><pre>java.lang.AssertionError: expected:&lt;null&gt; but was:&lt;gzip&gt;
	at org.junit.Assert.fail(Assert.java:93)
	at org.junit.Assert.failNotEquals(Assert.java:647)
	at org.junit.Assert.assertEquals(Assert.java:128)
	at org.junit.Assert.assertEquals(Assert.java:147)
	at testPack.TC9_Get_Single_Employee_Data.contentEncoding(TC9_Get_Single_Employee_Data.java:87)
	at sun.reflect.NativeMethodAccessorImpl.invoke0(Native Method)
	at sun.reflect.NativeMethodAccessorImpl.invoke(Unknown Source)
	at sun.reflect.DelegatingMethodAccessorImpl.invoke(Unknown Source)
	at java.lang.reflect.Method.invoke(Unknown Source)
	at org.testng.internal.MethodInvocationHelper.invokeMethod(MethodInvocationHelper.java:124)
	at org.testng.internal.Invoker.invokeMethod(Invoker.java:583)
	at org.testng.internal.Invoker.invokeTestMethod(Invoker.java:719)
	at org.testng.internal.Invoker.invokeTestMethods(Invoker.java:989)
	at org.testng.internal.TestMethodWorker.invokeTestMethods(TestMethodWorker.java:125)
	at org.testng.internal.TestMethodWorker.run(TestMethodWorker.java:109)
	at org.testng.TestRunner.privateRun(TestRunner.java:648)
	at org.testng.TestRunner.run(TestRunner.java:505)
	at org.testng.SuiteRunner.runTest(SuiteRunner.java:455)
	at org.testng.SuiteRunner.runSequentially(SuiteRunner.java:450)
	at org.testng.SuiteRunner.privateRun(SuiteRunner.java:415)
	at org.testng.SuiteRunner.run(SuiteRunner.java:364)
	at org.testng.SuiteRunnerWorker.runSuite(SuiteRunnerWorker.java:52)
	at org.testng.SuiteRunnerWorker.run(SuiteRunnerWorker.java:84)
	at org.testng.TestNG.runSuitesSequentially(TestNG.java:1208)
	at org.testng.TestNG.runSuitesLocally(TestNG.java:1137)
	at org.testng.TestNG.runSuites(TestNG.java:1049)
	at org.testng.TestNG.run(TestNG.java:1017)
	at org.testng.remote.AbstractRemoteTestNG.run(AbstractRemoteTestNG.java:115)
	at org.testng.remote.RemoteTestNG.initAndRun(RemoteTestNG.java:251)
	at org.testng.remote.RemoteTestNG.main(RemoteTestNG.java:77)
</pre></div></td>
<td>0</td>
<td>testPack.TC9_Get_Single_Employee_Data@47c62251</td></tr>
<tr>
<td title='testPack.TC11_Put_Employee_Data.resValidation()'><b>resValidation</b><br>Test class: testPack.TC11_Put_Employee_Data</td>
<td><div><pre>junit.framework.AssertionFailedError: expected:&lt;false&gt; but was:&lt;true&gt;
	at junit.framework.Assert.fail(Assert.java:50)
	at junit.framework.Assert.failNotEquals(Assert.java:287)
	at junit.framework.Assert.assertEquals(Assert.java:67)
	at junit.framework.Assert.assertEquals(Assert.java:147)
	at junit.framework.Assert.assertEquals(Assert.java:153)
	at testPack.TC11_Put_Employee_Data.resValidation(TC11_Put_Employee_Data.java:45)
... Removed 25 stack frames</pre></div><a href='#' onClick='toggleBox("stack-trace1564892747", this, "Click to show all stack frames", "Click to hide stack frames")'>Click to show all stack frames</a>
<div class='stack-trace' id='stack-trace1564892747'><pre>junit.framework.AssertionFailedError: expected:&lt;false&gt; but was:&lt;true&gt;
	at junit.framework.Assert.fail(Assert.java:50)
	at junit.framework.Assert.failNotEquals(Assert.java:287)
	at junit.framework.Assert.assertEquals(Assert.java:67)
	at junit.framework.Assert.assertEquals(Assert.java:147)
	at junit.framework.Assert.assertEquals(Assert.java:153)
	at testPack.TC11_Put_Employee_Data.resValidation(TC11_Put_Employee_Data.java:45)
	at sun.reflect.NativeMethodAccessorImpl.invoke0(Native Method)
	at sun.reflect.NativeMethodAccessorImpl.invoke(Unknown Source)
	at sun.reflect.DelegatingMethodAccessorImpl.invoke(Unknown Source)
	at java.lang.reflect.Method.invoke(Unknown Source)
	at org.testng.internal.MethodInvocationHelper.invokeMethod(MethodInvocationHelper.java:124)
	at org.testng.internal.Invoker.invokeMethod(Invoker.java:583)
	at org.testng.internal.Invoker.invokeTestMethod(Invoker.java:719)
	at org.testng.internal.Invoker.invokeTestMethods(Invoker.java:989)
	at org.testng.internal.TestMethodWorker.invokeTestMethods(TestMethodWorker.java:125)
	at org.testng.internal.TestMethodWorker.run(TestMethodWorker.java:109)
	at org.testng.TestRunner.privateRun(TestRunner.java:648)
	at org.testng.TestRunner.run(TestRunner.java:505)
	at org.testng.SuiteRunner.runTest(SuiteRunner.java:455)
	at org.testng.SuiteRunner.runSequentially(SuiteRunner.java:450)
	at org.testng.SuiteRunner.privateRun(SuiteRunner.java:415)
	at org.testng.SuiteRunner.run(SuiteRunner.java:364)
	at org.testng.SuiteRunnerWorker.runSuite(SuiteRunnerWorker.java:52)
	at org.testng.SuiteRunnerWorker.run(SuiteRunnerWorker.java:84)
	at org.testng.TestNG.runSuitesSequentially(TestNG.java:1208)
	at org.testng.TestNG.runSuitesLocally(TestNG.java:1137)
	at org.testng.TestNG.runSuites(TestNG.java:1049)
	at org.testng.TestNG.run(TestNG.java:1017)
	at org.testng.remote.AbstractRemoteTestNG.run(AbstractRemoteTestNG.java:115)
	at org.testng.remote.RemoteTestNG.initAndRun(RemoteTestNG.java:251)
	at org.testng.remote.RemoteTestNG.main(RemoteTestNG.java:77)
</pre></div></td>
<td>0</td>
<td>testPack.TC11_Put_Employee_Data@66a3ffec</td></tr>
<tr>
<td title='testPack.TC12_Delete_Employee_Record.resValidation()'><b>resValidation</b><br>Test class: testPack.TC12_Delete_Employee_Record</td>
<td><div><pre>junit.framework.AssertionFailedError: expected:&lt;false&gt; but was:&lt;true&gt;
	at junit.framework.Assert.fail(Assert.java:50)
	at junit.framework.Assert.failNotEquals(Assert.java:287)
	at junit.framework.Assert.assertEquals(Assert.java:67)
	at junit.framework.Assert.assertEquals(Assert.java:147)
	at junit.framework.Assert.assertEquals(Assert.java:153)
	at testPack.TC12_Delete_Employee_Record.resValidation(TC12_Delete_Employee_Record.java:36)
... Removed 25 stack frames</pre></div><a href='#' onClick='toggleBox("stack-trace1511180072", this, "Click to show all stack frames", "Click to hide stack frames")'>Click to show all stack frames</a>
<div class='stack-trace' id='stack-trace1511180072'><pre>junit.framework.AssertionFailedError: expected:&lt;false&gt; but was:&lt;true&gt;
	at junit.framework.Assert.fail(Assert.java:50)
	at junit.framework.Assert.failNotEquals(Assert.java:287)
	at junit.framework.Assert.assertEquals(Assert.java:67)
	at junit.framework.Assert.assertEquals(Assert.java:147)
	at junit.framework.Assert.assertEquals(Assert.java:153)
	at testPack.TC12_Delete_Employee_Record.resValidation(TC12_Delete_Employee_Record.java:36)
	at sun.reflect.NativeMethodAccessorImpl.invoke0(Native Method)
	at sun.reflect.NativeMethodAccessorImpl.invoke(Unknown Source)
	at sun.reflect.DelegatingMethodAccessorImpl.invoke(Unknown Source)
	at java.lang.reflect.Method.invoke(Unknown Source)
	at org.testng.internal.MethodInvocationHelper.invokeMethod(MethodInvocationHelper.java:124)
	at org.testng.internal.Invoker.invokeMethod(Invoker.java:583)
	at org.testng.internal.Invoker.invokeTestMethod(Invoker.java:719)
	at org.testng.internal.Invoker.invokeTestMethods(Invoker.java:989)
	at org.testng.internal.TestMethodWorker.invokeTestMethods(TestMethodWorker.java:125)
	at org.testng.internal.TestMethodWorker.run(TestMethodWorker.java:109)
	at org.testng.TestRunner.privateRun(TestRunner.java:648)
	at org.testng.TestRunner.run(TestRunner.java:505)
	at org.testng.SuiteRunner.runTest(SuiteRunner.java:455)
	at org.testng.SuiteRunner.runSequentially(SuiteRunner.java:450)
	at org.testng.SuiteRunner.privateRun(SuiteRunner.java:415)
	at org.testng.SuiteRunner.run(SuiteRunner.java:364)
	at org.testng.SuiteRunnerWorker.runSuite(SuiteRunnerWorker.java:52)
	at org.testng.SuiteRunnerWorker.run(SuiteRunnerWorker.java:84)
	at org.testng.TestNG.runSuitesSequentially(TestNG.java:1208)
	at org.testng.TestNG.runSuitesLocally(TestNG.java:1137)
	at org.testng.TestNG.runSuites(TestNG.java:1049)
	at org.testng.TestNG.run(TestNG.java:1017)
	at org.testng.remote.AbstractRemoteTestNG.run(AbstractRemoteTestNG.java:115)
	at org.testng.remote.RemoteTestNG.initAndRun(RemoteTestNG.java:251)
	at org.testng.remote.RemoteTestNG.main(RemoteTestNG.java:77)
</pre></div></td>
<td>0</td>
<td>testPack.TC12_Delete_Employee_Record@77caeb3e</td></tr>
</table><p>
<table width='100%' border='1' class='invocation-passed'>
<tr><td colspan='4' align='center'><b>PASSED TESTS</b></td></tr>
<tr><td><b>Test method</b></td>
<td width="30%"><b>Exception</b></td>
<td width="10%"><b>Time (seconds)</b></td>
<td><b>Instance</b></td>
</tr>
<tr>
<td title='testPack.TC8_Get_All_Employees.checkContentLength()'><b>checkContentLength</b><br>Test class: testPack.TC8_Get_All_Employees</td>
<td></td>
<td>0</td>
<td>testPack.TC8_Get_All_Employees@6f7fd0e6</td></tr>
<tr>
<td title='testPack.TC9_Get_Single_Employee_Data.checkContentLength()'><b>checkContentLength</b><br>Test class: testPack.TC9_Get_Single_Employee_Data</td>
<td></td>
<td>0</td>
<td>testPack.TC9_Get_Single_Employee_Data@47c62251</td></tr>
<tr>
<td title='testPack.TC8_Get_All_Employees.checkContentType()'><b>checkContentType</b><br>Test class: testPack.TC8_Get_All_Employees</td>
<td></td>
<td>0</td>
<td>testPack.TC8_Get_All_Employees@6f7fd0e6</td></tr>
<tr>
<td title='testPack.TC9_Get_Single_Employee_Data.checkContentType()'><b>checkContentType</b><br>Test class: testPack.TC9_Get_Single_Employee_Data</td>
<td></td>
<td>0</td>
<td>testPack.TC9_Get_Single_Employee_Data@47c62251</td></tr>
<tr>
<td title='testPack.TC8_Get_All_Employees.checkCookies()'><b>checkCookies</b><br>Test class: testPack.TC8_Get_All_Employees</td>
<td></td>
<td>0</td>
<td>testPack.TC8_Get_All_Employees@6f7fd0e6</td></tr>
<tr>
<td title='testPack.TC8_Get_All_Employees.checkResponseBody()'><b>checkResponseBody</b><br>Test class: testPack.TC8_Get_All_Employees</td>
<td></td>
<td>0</td>
<td>testPack.TC8_Get_All_Employees@6f7fd0e6</td></tr>
<tr>
<td title='testPack.TC8_Get_All_Employees.checkResponseTime()'><b>checkResponseTime</b><br>Test class: testPack.TC8_Get_All_Employees</td>
<td></td>
<td>0</td>
<td>testPack.TC8_Get_All_Employees@6f7fd0e6</td></tr>
<tr>
<td title='testPack.TC9_Get_Single_Employee_Data.checkResponseTime()'><b>checkResponseTime</b><br>Test class: testPack.TC9_Get_Single_Employee_Data</td>
<td></td>
<td>0</td>
<td>testPack.TC9_Get_Single_Employee_Data@47c62251</td></tr>
<tr>
<td title='testPack.TC8_Get_All_Employees.checkServerType()'><b>checkServerType</b><br>Test class: testPack.TC8_Get_All_Employees</td>
<td></td>
<td>0</td>
<td>testPack.TC8_Get_All_Employees@6f7fd0e6</td></tr>
<tr>
<td title='testPack.TC9_Get_Single_Employee_Data.checkServerType()'><b>checkServerType</b><br>Test class: testPack.TC9_Get_Single_Employee_Data</td>
<td></td>
<td>0</td>
<td>testPack.TC9_Get_Single_Employee_Data@47c62251</td></tr>
<tr>
<td title='testPack.TC8_Get_All_Employees.checkStatusCode()'><b>checkStatusCode</b><br>Test class: testPack.TC8_Get_All_Employees</td>
<td></td>
<td>0</td>
<td>testPack.TC8_Get_All_Employees@6f7fd0e6</td></tr>
<tr>
<td title='testPack.TC8_Get_All_Employees.checkStatusLIne()'><b>checkStatusLIne</b><br>Test class: testPack.TC8_Get_All_Employees</td>
<td></td>
<td>0</td>
<td>testPack.TC8_Get_All_Employees@6f7fd0e6</td></tr>
<tr>
<td title='testPack.TC8_Get_All_Employees.contentEncoding()'><b>contentEncoding</b><br>Test class: testPack.TC8_Get_All_Employees</td>
<td></td>
<td>0</td>
<td>testPack.TC8_Get_All_Employees@6f7fd0e6</td></tr>
<tr>
<td title='testPack.TC10_Post_Create_Emp_Record.resValidation()'><b>resValidation</b><br>Test class: testPack.TC10_Post_Create_Emp_Record</td>
<td></td>
<td>0</td>
<td>testPack.TC10_Post_Create_Emp_Record@3e6fa38a</td></tr>
<tr>
<td title='testPack.TC10_Post_Create_Emp_Record.statusCodeValidation()'><b>statusCodeValidation</b><br>Test class: testPack.TC10_Post_Create_Emp_Record</td>
<td></td>
<td>0</td>
<td>testPack.TC10_Post_Create_Emp_Record@3e6fa38a</td></tr>
<tr>
<td title='testPack.TC11_Put_Employee_Data.statusCodeValidation()'><b>statusCodeValidation</b><br>Test class: testPack.TC11_Put_Employee_Data</td>
<td></td>
<td>0</td>
<td>testPack.TC11_Put_Employee_Data@66a3ffec</td></tr>
<tr>
<td title='testPack.TC10_Post_Create_Emp_Record.statusLineValidation()'><b>statusLineValidation</b><br>Test class: testPack.TC10_Post_Create_Emp_Record</td>
<td></td>
<td>0</td>
<td>testPack.TC10_Post_Create_Emp_Record@3e6fa38a</td></tr>
<tr>
<td title='testPack.TC11_Put_Employee_Data.statusLineValidation()'><b>statusLineValidation</b><br>Test class: testPack.TC11_Put_Employee_Data</td>
<td></td>
<td>0</td>
<td>testPack.TC11_Put_Employee_Data@66a3ffec</td></tr>
</table><p>
</body>
</html>