<?xml version="1.0" encoding="UTF-8"?>
<!-- Generated by org.testng.reporters.JUnitXMLReporter -->
<testsuite hostname="LAPTOP-N9E2Q1PQ" ignored="0" name="Test" tests="24" failures="6" timestamp="22 Apr 2020 06:32:13 GMT" time="19.746" errors="0">
  <testcase name="checkContentLength" time="0.014" classname="testPack.TC8_Get_All_Employees"/>
  <testcase name="checkContentType" time="0.003" classname="testPack.TC8_Get_All_Employees"/>
  <testcase name="checkCookies" time="0.004" classname="testPack.TC8_Get_All_Employees"/>
  <testcase name="checkResponseBody" time="0.051" classname="testPack.TC8_Get_All_Employees"/>
  <testcase name="checkResponseTime" time="0.003" classname="testPack.TC8_Get_All_Employees"/>
  <testcase name="checkServerType" time="0.003" classname="testPack.TC8_Get_All_Employees"/>
  <testcase name="checkStatusCode" time="0.002" classname="testPack.TC8_Get_All_Employees"/>
  <testcase name="checkStatusLIne" time="0.002" classname="testPack.TC8_Get_All_Employees"/>
  <testcase name="contentEncoding" time="0.003" classname="testPack.TC8_Get_All_Employees"/>
  <testcase name="checkContentLength" time="0.003" classname="testPack.TC9_Get_Single_Employee_Data"/>
  <testcase name="checkContentType" time="0.001" classname="testPack.TC9_Get_Single_Employee_Data"/>
  <testcase name="checkResponseBody" time="0.003" classname="testPack.TC9_Get_Single_Employee_Data">
    <failure type="java.lang.AssertionError" message="expected:&amp;lt;false&amp;gt; but was:&amp;lt;true&amp;gt;">
      <![CDATA[java.lang.AssertionError: expected:<false> but was:<true>
at org.junit.Assert.fail(Assert.java:93)
at org.junit.Assert.failNotEquals(Assert.java:647)
at org.junit.Assert.assertEquals(Assert.java:128)
at org.junit.Assert.assertEquals(Assert.java:147)
at testPack.TC9_Get_Single_Employee_Data.checkResponseBody(TC9_Get_Single_Employee_Data.java:30)
... Removed 25 stack frames]]>
    </failure>
  </testcase> <!-- checkResponseBody -->
  <testcase name="checkResponseTime" time="0.002" classname="testPack.TC9_Get_Single_Employee_Data"/>
  <testcase name="checkServerType" time="0.004" classname="testPack.TC9_Get_Single_Employee_Data"/>
  <testcase name="checkStatusCode" time="0.004" classname="testPack.TC9_Get_Single_Employee_Data">
    <failure type="java.lang.AssertionError" message="expected:&amp;lt;400&amp;gt; but was:&amp;lt;200&amp;gt;">
      <![CDATA[java.lang.AssertionError: expected:<400> but was:<200>
at org.junit.Assert.fail(Assert.java:93)
at org.junit.Assert.failNotEquals(Assert.java:647)
at org.junit.Assert.assertEquals(Assert.java:128)
at org.junit.Assert.assertEquals(Assert.java:472)
at org.junit.Assert.assertEquals(Assert.java:456)
at testPack.TC9_Get_Single_Employee_Data.checkStatusCode(TC9_Get_Single_Employee_Data.java:39)
... Removed 25 stack frames]]>
    </failure>
  </testcase> <!-- checkStatusCode -->
  <testcase name="checkStatusLIne" time="0.003" classname="testPack.TC9_Get_Single_Employee_Data">
    <failure type="org.junit.ComparisonFailure" message="expected:&amp;lt;HTTP/1.1 [400 Bad Request]&amp;gt; but was:&amp;lt;HTTP/1.1 [200 OK]&amp;gt;">
      <![CDATA[org.junit.ComparisonFailure: expected:<HTTP/1.1 [400 Bad Request]> but was:<HTTP/1.1 [200 OK]>
at org.junit.Assert.assertEquals(Assert.java:125)
at org.junit.Assert.assertEquals(Assert.java:147)
at testPack.TC9_Get_Single_Employee_Data.checkStatusLIne(TC9_Get_Single_Employee_Data.java:60)
... Removed 25 stack frames]]>
    </failure>
  </testcase> <!-- checkStatusLIne -->
  <testcase name="contentEncoding" time="0.004" classname="testPack.TC9_Get_Single_Employee_Data">
    <failure type="java.lang.AssertionError" message="expected:&amp;lt;null&amp;gt; but was:&amp;lt;gzip&amp;gt;">
      <![CDATA[java.lang.AssertionError: expected:<null> but was:<gzip>
at org.junit.Assert.fail(Assert.java:93)
at org.junit.Assert.failNotEquals(Assert.java:647)
at org.junit.Assert.assertEquals(Assert.java:128)
at org.junit.Assert.assertEquals(Assert.java:147)
at testPack.TC9_Get_Single_Employee_Data.contentEncoding(TC9_Get_Single_Employee_Data.java:87)
... Removed 25 stack frames]]>
    </failure>
  </testcase> <!-- contentEncoding -->
  <testcase name="resValidation" time="0.007" classname="testPack.TC10_Post_Create_Emp_Record"/>
  <testcase name="statusCodeValidation" time="0.002" classname="testPack.TC10_Post_Create_Emp_Record"/>
  <testcase name="statusLineValidation" time="0.001" classname="testPack.TC10_Post_Create_Emp_Record"/>
  <testcase name="resValidation" time="0.003" classname="testPack.TC11_Put_Employee_Data">
    <failure type="junit.framework.AssertionFailedError" message="expected:&amp;lt;false&amp;gt; but was:&amp;lt;true&amp;gt;">
      <![CDATA[junit.framework.AssertionFailedError: expected:<false> but was:<true>
at junit.framework.Assert.fail(Assert.java:50)
at junit.framework.Assert.failNotEquals(Assert.java:287)
at junit.framework.Assert.assertEquals(Assert.java:67)
at junit.framework.Assert.assertEquals(Assert.java:147)
at junit.framework.Assert.assertEquals(Assert.java:153)
at testPack.TC11_Put_Employee_Data.resValidation(TC11_Put_Employee_Data.java:45)
... Removed 25 stack frames]]>
    </failure>
  </testcase> <!-- resValidation -->
  <testcase name="statusCodeValidation" time="0.001" classname="testPack.TC11_Put_Employee_Data"/>
  <testcase name="statusLineValidation" time="0.001" classname="testPack.TC11_Put_Employee_Data"/>
  <testcase name="resValidation" time="0.003" classname="testPack.TC12_Delete_Employee_Record">
    <failure type="junit.framework.AssertionFailedError" message="expected:&amp;lt;false&amp;gt; but was:&amp;lt;true&amp;gt;">
      <![CDATA[junit.framework.AssertionFailedError: expected:<false> but was:<true>
at junit.framework.Assert.fail(Assert.java:50)
at junit.framework.Assert.failNotEquals(Assert.java:287)
at junit.framework.Assert.assertEquals(Assert.java:67)
at junit.framework.Assert.assertEquals(Assert.java:147)
at junit.framework.Assert.assertEquals(Assert.java:153)
at testPack.TC12_Delete_Employee_Record.resValidation(TC12_Delete_Employee_Record.java:36)
... Removed 25 stack frames]]>
    </failure>
  </testcase> <!-- resValidation -->
</testsuite> <!-- Test -->
